{"$message_type":"diagnostic","message":"missing lifetime specifier","code":{"code":"E0106","explanation":"This error indicates that a lifetime is missing from a type. If it is an error\ninside a function signature, the problem may be with failing to adhere to the\nlifetime elision rules (see below).\n\nErroneous code examples:\n\n```compile_fail,E0106\nstruct Foo1 { x: &bool }\n              // ^ expected lifetime parameter\nstruct Foo2<'a> { x: &'a bool } // correct\n\nstruct Bar1 { x: Foo2 }\n              // ^^^^ expected lifetime parameter\nstruct Bar2<'a> { x: Foo2<'a> } // correct\n\nenum Baz1 { A(u8), B(&bool), }\n                  // ^ expected lifetime parameter\nenum Baz2<'a> { A(u8), B(&'a bool), } // correct\n\ntype MyStr1 = &str;\n           // ^ expected lifetime parameter\ntype MyStr2<'a> = &'a str; // correct\n```\n\nLifetime elision is a special, limited kind of inference for lifetimes in\nfunction signatures which allows you to leave out lifetimes in certain cases.\nFor more background on lifetime elision see [the book][book-le].\n\nThe lifetime elision rules require that any function signature with an elided\noutput lifetime must either have:\n\n - exactly one input lifetime\n - or, multiple input lifetimes, but the function must also be a method with a\n   `&self` or `&mut self` receiver\n\nIn the first case, the output lifetime is inferred to be the same as the unique\ninput lifetime. In the second case, the lifetime is instead inferred to be the\nsame as the lifetime on `&self` or `&mut self`.\n\nHere are some examples of elision errors:\n\n```compile_fail,E0106\n// error, no input lifetimes\nfn foo() -> &str { }\n\n// error, `x` and `y` have distinct lifetimes inferred\nfn bar(x: &str, y: &str) -> &str { }\n\n// error, `y`'s lifetime is inferred to be distinct from `x`'s\nfn baz<'a>(x: &'a str, y: &str) -> &str { }\n```\n\n[book-le]: https://doc.rust-lang.org/book/ch10-03-lifetime-syntax.html#lifetime-elision\n"},"level":"error","spans":[{"file_name":"src/main.rs","byte_start":247,"byte_end":248,"line_start":7,"line_end":7,"column_start":11,"column_end":12,"is_primary":true,"text":[{"text":"    name: &str,","highlight_start":11,"highlight_end":12}],"label":"expected named lifetime parameter","suggested_replacement":null,"suggestion_applicability":null,"expansion":null}],"children":[{"message":"consider introducing a named lifetime parameter","code":null,"level":"help","spans":[{"file_name":"src/main.rs","byte_start":234,"byte_end":234,"line_start":6,"line_end":6,"column_start":12,"column_end":12,"is_primary":true,"text":[{"text":"struct User {","highlight_start":12,"highlight_end":12}],"label":null,"suggested_replacement":"<'a>","suggestion_applicability":"MaybeIncorrect","expansion":null},{"file_name":"src/main.rs","byte_start":248,"byte_end":248,"line_start":7,"line_end":7,"column_start":12,"column_end":12,"is_primary":true,"text":[{"text":"    name: &str,","highlight_start":12,"highlight_end":12}],"label":null,"suggested_replacement":"'a ","suggestion_applicability":"MaybeIncorrect","expansion":null}],"children":[],"rendered":null}],"rendered":"\u001b[1m\u001b[91merror[E0106]\u001b[0m\u001b[1m: missing lifetime specifier\u001b[0m\n \u001b[1m\u001b[94m--> \u001b[0msrc/main.rs:7:11\n  \u001b[1m\u001b[94m|\u001b[0m\n\u001b[1m\u001b[94m7\u001b[0m \u001b[1m\u001b[94m|\u001b[0m     name: &str,\n  \u001b[1m\u001b[94m|\u001b[0m           \u001b[1m\u001b[91m^\u001b[0m \u001b[1m\u001b[91mexpected named lifetime parameter\u001b[0m\n  \u001b[1m\u001b[94m|\u001b[0m\n\u001b[1m\u001b[96mhelp\u001b[0m: consider introducing a named lifetime parameter\n  \u001b[1m\u001b[94m|\u001b[0m\n\u001b[1m\u001b[94m6\u001b[0m \u001b[92m~ \u001b[0mstruct User\u001b[92m<'a>\u001b[0m {\n\u001b[1m\u001b[94m7\u001b[0m \u001b[92m~ \u001b[0m    name: &\u001b[92m'a \u001b[0mstr,\n  \u001b[1m\u001b[94m|\u001b[0m\n\n"}
{"$message_type":"diagnostic","message":"mismatched types","code":{"code":"E0308","explanation":"Expected type did not match the received type.\n\nErroneous code examples:\n\n```compile_fail,E0308\nfn plus_one(x: i32) -> i32 {\n    x + 1\n}\n\nplus_one(\"Not a number\");\n//       ^^^^^^^^^^^^^^ expected `i32`, found `&str`\n\nif \"Not a bool\" {\n// ^^^^^^^^^^^^ expected `bool`, found `&str`\n}\n\nlet x: f32 = \"Not a float\";\n//     ---   ^^^^^^^^^^^^^ expected `f32`, found `&str`\n//     |\n//     expected due to this\n```\n\nThis error occurs when an expression was used in a place where the compiler\nexpected an expression of a different type. It can occur in several cases, the\nmost common being when calling a function and passing an argument which has a\ndifferent type than the matching type in the function declaration.\n"},"level":"error","spans":[{"file_name":"src/main.rs","byte_start":403,"byte_end":406,"line_start":16,"line_end":16,"column_start":13,"column_end":16,"is_primary":true,"text":[{"text":"            age,","highlight_start":13,"highlight_end":16}],"label":"expected `i32`, found `&i32`","suggested_replacement":null,"suggestion_applicability":null,"expansion":null}],"children":[{"message":"consider dereferencing the borrow","code":null,"level":"help","spans":[{"file_name":"src/main.rs","byte_start":403,"byte_end":403,"line_start":16,"line_end":16,"column_start":13,"column_end":13,"is_primary":true,"text":[{"text":"            age,","highlight_start":13,"highlight_end":13}],"label":null,"suggested_replacement":"age: *","suggestion_applicability":"MachineApplicable","expansion":null}],"children":[],"rendered":null}],"rendered":"\u001b[1m\u001b[91merror[E0308]\u001b[0m\u001b[1m: mismatched types\u001b[0m\n  \u001b[1m\u001b[94m--> \u001b[0msrc/main.rs:16:13\n   \u001b[1m\u001b[94m|\u001b[0m\n\u001b[1m\u001b[94m16\u001b[0m \u001b[1m\u001b[94m|\u001b[0m             age,\n   \u001b[1m\u001b[94m|\u001b[0m             \u001b[1m\u001b[91m^^^\u001b[0m \u001b[1m\u001b[91mexpected `i32`, found `&i32`\u001b[0m\n   \u001b[1m\u001b[94m|\u001b[0m\n\u001b[1m\u001b[96mhelp\u001b[0m: consider dereferencing the borrow\n   \u001b[1m\u001b[94m|\u001b[0m\n\u001b[1m\u001b[94m16\u001b[0m \u001b[1m\u001b[94m| \u001b[0m            \u001b[92mage: *\u001b[0mage,\n   \u001b[1m\u001b[94m|\u001b[0m             \u001b[92m++++++\u001b[0m\n\n"}
{"$message_type":"diagnostic","message":"mismatched types","code":{"code":"E0308","explanation":"Expected type did not match the received type.\n\nErroneous code examples:\n\n```compile_fail,E0308\nfn plus_one(x: i32) -> i32 {\n    x + 1\n}\n\nplus_one(\"Not a number\");\n//       ^^^^^^^^^^^^^^ expected `i32`, found `&str`\n\nif \"Not a bool\" {\n// ^^^^^^^^^^^^ expected `bool`, found `&str`\n}\n\nlet x: f32 = \"Not a float\";\n//     ---   ^^^^^^^^^^^^^ expected `f32`, found `&str`\n//     |\n//     expected due to this\n```\n\nThis error occurs when an expression was used in a place where the compiler\nexpected an expression of a different type. It can occur in several cases, the\nmost common being when calling a function and passing an argument which has a\ndifferent type than the matching type in the function declaration.\n"},"level":"error","spans":[{"file_name":"src/main.rs","byte_start":420,"byte_end":426,"line_start":17,"line_end":17,"column_start":13,"column_end":19,"is_primary":true,"text":[{"text":"            height","highlight_start":13,"highlight_end":19}],"label":"expected `i32`, found `&i32`","suggested_replacement":null,"suggestion_applicability":null,"expansion":null}],"children":[{"message":"consider dereferencing the borrow","code":null,"level":"help","spans":[{"file_name":"src/main.rs","byte_start":420,"byte_end":420,"line_start":17,"line_end":17,"column_start":13,"column_end":13,"is_primary":true,"text":[{"text":"            height","highlight_start":13,"highlight_end":13}],"label":null,"suggested_replacement":"height: *","suggestion_applicability":"MachineApplicable","expansion":null}],"children":[],"rendered":null}],"rendered":"\u001b[1m\u001b[91merror[E0308]\u001b[0m\u001b[1m: mismatched types\u001b[0m\n  \u001b[1m\u001b[94m--> \u001b[0msrc/main.rs:17:13\n   \u001b[1m\u001b[94m|\u001b[0m\n\u001b[1m\u001b[94m17\u001b[0m \u001b[1m\u001b[94m|\u001b[0m             height\n   \u001b[1m\u001b[94m|\u001b[0m             \u001b[1m\u001b[91m^^^^^^\u001b[0m \u001b[1m\u001b[91mexpected `i32`, found `&i32`\u001b[0m\n   \u001b[1m\u001b[94m|\u001b[0m\n\u001b[1m\u001b[96mhelp\u001b[0m: consider dereferencing the borrow\n   \u001b[1m\u001b[94m|\u001b[0m\n\u001b[1m\u001b[94m17\u001b[0m \u001b[1m\u001b[94m| \u001b[0m            \u001b[92mheight: *\u001b[0mheight\n   \u001b[1m\u001b[94m|\u001b[0m             \u001b[92m+++++++++\u001b[0m\n\n"}
{"$message_type":"diagnostic","message":"mismatched types","code":{"code":"E0308","explanation":"Expected type did not match the received type.\n\nErroneous code examples:\n\n```compile_fail,E0308\nfn plus_one(x: i32) -> i32 {\n    x + 1\n}\n\nplus_one(\"Not a number\");\n//       ^^^^^^^^^^^^^^ expected `i32`, found `&str`\n\nif \"Not a bool\" {\n// ^^^^^^^^^^^^ expected `bool`, found `&str`\n}\n\nlet x: f32 = \"Not a float\";\n//     ---   ^^^^^^^^^^^^^ expected `f32`, found `&str`\n//     |\n//     expected due to this\n```\n\nThis error occurs when an expression was used in a place where the compiler\nexpected an expression of a different type. It can occur in several cases, the\nmost common being when calling a function and passing an argument which has a\ndifferent type than the matching type in the function declaration.\n"},"level":"error","spans":[{"file_name":"src/main.rs","byte_start":366,"byte_end":436,"line_start":14,"line_end":18,"column_start":9,"column_end":10,"is_primary":true,"text":[{"text":"        Self {","highlight_start":9,"highlight_end":15},{"text":"            name,","highlight_start":1,"highlight_end":18},{"text":"            age,","highlight_start":1,"highlight_end":17},{"text":"            height","highlight_start":1,"highlight_end":19},{"text":"        }","highlight_start":1,"highlight_end":10}],"label":"expected `()`, found `User`","suggested_replacement":null,"suggestion_applicability":null,"expansion":null},{"file_name":"src/main.rs","byte_start":292,"byte_end":296,"line_start":12,"line_end":12,"column_start":6,"column_end":10,"is_primary":false,"text":[{"text":"impl User {","highlight_start":6,"highlight_end":10}],"label":"this is the type of the `Self` literal","suggested_replacement":null,"suggestion_applicability":null,"expansion":null}],"children":[{"message":"try adding a return type","code":null,"level":"help","spans":[{"file_name":"src/main.rs","byte_start":356,"byte_end":356,"line_start":13,"line_end":13,"column_start":58,"column_end":58,"is_primary":true,"text":[{"text":"    fn new(&self, name: &String, age: &i32, height: &i32){","highlight_start":58,"highlight_end":58}],"label":null,"suggested_replacement":" -> User","suggestion_applicability":"MachineApplicable","expansion":null}],"children":[],"rendered":null}],"rendered":"\u001b[1m\u001b[91merror[E0308]\u001b[0m\u001b[1m: mismatched types\u001b[0m\n  \u001b[1m\u001b[94m--> \u001b[0msrc/main.rs:14:9\n   \u001b[1m\u001b[94m|\u001b[0m\n\u001b[1m\u001b[94m12\u001b[0m \u001b[1m\u001b[94m|\u001b[0m   impl User {\n   \u001b[1m\u001b[94m|\u001b[0m        \u001b[1m\u001b[94m----\u001b[0m \u001b[1m\u001b[94mthis is the type of the `Self` literal\u001b[0m\n\u001b[1m\u001b[94m13\u001b[0m \u001b[1m\u001b[94m|\u001b[0m       fn new(&self, name: &String, age: &i32, height: &i32){\n   \u001b[1m\u001b[94m|\u001b[0m                                                            \u001b[1m\u001b[94m-\u001b[0m \u001b[1m\u001b[94mhelp: try adding a return type: `-> User`\u001b[0m\n\u001b[1m\u001b[94m14\u001b[0m \u001b[1m\u001b[94m|\u001b[0m \u001b[1m\u001b[91m/\u001b[0m         Self {\n\u001b[1m\u001b[94m15\u001b[0m \u001b[1m\u001b[94m|\u001b[0m \u001b[1m\u001b[91m|\u001b[0m             name,\n\u001b[1m\u001b[94m16\u001b[0m \u001b[1m\u001b[94m|\u001b[0m \u001b[1m\u001b[91m|\u001b[0m             age,\n\u001b[1m\u001b[94m17\u001b[0m \u001b[1m\u001b[94m|\u001b[0m \u001b[1m\u001b[91m|\u001b[0m             height\n\u001b[1m\u001b[94m18\u001b[0m \u001b[1m\u001b[94m|\u001b[0m \u001b[1m\u001b[91m|\u001b[0m         }\n   \u001b[1m\u001b[94m|\u001b[0m \u001b[1m\u001b[91m|_________^\u001b[0m \u001b[1m\u001b[91mexpected `()`, found `User`\u001b[0m\n\n"}
{"$message_type":"diagnostic","message":"aborting due to 4 previous errors","code":null,"level":"error","spans":[],"children":[],"rendered":"\u001b[1m\u001b[91merror\u001b[0m\u001b[1m: aborting due to 4 previous errors\u001b[0m\n\n"}
{"$message_type":"diagnostic","message":"Some errors have detailed explanations: E0106, E0308.","code":null,"level":"failure-note","spans":[],"children":[],"rendered":"\u001b[1mSome errors have detailed explanations: E0106, E0308.\u001b[0m\n"}
{"$message_type":"diagnostic","message":"For more information about an error, try `rustc --explain E0106`.","code":null,"level":"failure-note","spans":[],"children":[],"rendered":"\u001b[1mFor more information about an error, try `rustc --explain E0106`.\u001b[0m\n"}
